0 info it worked if it ends with ok
1 verbose cli [ 'node', '/usr/local/bin/npm', 'install' ]
2 info using npm@1.4.28
3 info using node@v0.10.33
4 verbose readDependencies using package.json deps
5 verbose install where, deps [ '/Users/victor/Development/betajs/betajs-dynamics-components',
5 verbose install   [ 'grunt',
5 verbose install     'grunt-contrib-jshint',
5 verbose install     'grunt-contrib-nodeunit',
5 verbose install     'grunt-contrib-concat',
5 verbose install     'grunt-contrib-uglify',
5 verbose install     'grunt-contrib-clean',
5 verbose install     'grunt-preprocess',
5 verbose install     'grunt-git-revision-count',
5 verbose install     'grunt-closure-tools',
5 verbose install     'grunt-node-qunit',
5 verbose install     'grunt-wget',
5 verbose install     'grunt-jsdoc',
5 verbose install     'grunt-shell',
5 verbose install     'grunt-template' ] ]
6 info preinstall betajs-dynamics-components@0.0.1
7 verbose readDependencies using package.json deps
8 verbose cache add [ 'grunt@', null ]
9 verbose cache add name=undefined spec="grunt@" args=["grunt@",null]
10 verbose parsed url { protocol: null,
10 verbose parsed url   slashes: null,
10 verbose parsed url   auth: null,
10 verbose parsed url   host: null,
10 verbose parsed url   port: null,
10 verbose parsed url   hostname: null,
10 verbose parsed url   hash: null,
10 verbose parsed url   search: null,
10 verbose parsed url   query: null,
10 verbose parsed url   pathname: 'grunt@',
10 verbose parsed url   path: 'grunt@',
10 verbose parsed url   href: 'grunt@' }
11 verbose cache add [ 'grunt-contrib-jshint@', null ]
12 verbose cache add name=undefined spec="grunt-contrib-jshint@" args=["grunt-contrib-jshint@",null]
13 verbose parsed url { protocol: null,
13 verbose parsed url   slashes: null,
13 verbose parsed url   auth: null,
13 verbose parsed url   host: null,
13 verbose parsed url   port: null,
13 verbose parsed url   hostname: null,
13 verbose parsed url   hash: null,
13 verbose parsed url   search: null,
13 verbose parsed url   query: null,
13 verbose parsed url   pathname: 'grunt-contrib-jshint@',
13 verbose parsed url   path: 'grunt-contrib-jshint@',
13 verbose parsed url   href: 'grunt-contrib-jshint@' }
14 verbose cache add [ 'grunt-contrib-nodeunit@', null ]
15 verbose cache add name=undefined spec="grunt-contrib-nodeunit@" args=["grunt-contrib-nodeunit@",null]
16 verbose parsed url { protocol: null,
16 verbose parsed url   slashes: null,
16 verbose parsed url   auth: null,
16 verbose parsed url   host: null,
16 verbose parsed url   port: null,
16 verbose parsed url   hostname: null,
16 verbose parsed url   hash: null,
16 verbose parsed url   search: null,
16 verbose parsed url   query: null,
16 verbose parsed url   pathname: 'grunt-contrib-nodeunit@',
16 verbose parsed url   path: 'grunt-contrib-nodeunit@',
16 verbose parsed url   href: 'grunt-contrib-nodeunit@' }
17 verbose cache add [ 'grunt-contrib-concat@', null ]
18 verbose cache add name=undefined spec="grunt-contrib-concat@" args=["grunt-contrib-concat@",null]
19 verbose parsed url { protocol: null,
19 verbose parsed url   slashes: null,
19 verbose parsed url   auth: null,
19 verbose parsed url   host: null,
19 verbose parsed url   port: null,
19 verbose parsed url   hostname: null,
19 verbose parsed url   hash: null,
19 verbose parsed url   search: null,
19 verbose parsed url   query: null,
19 verbose parsed url   pathname: 'grunt-contrib-concat@',
19 verbose parsed url   path: 'grunt-contrib-concat@',
19 verbose parsed url   href: 'grunt-contrib-concat@' }
20 verbose cache add [ 'grunt-contrib-uglify@', null ]
21 verbose cache add name=undefined spec="grunt-contrib-uglify@" args=["grunt-contrib-uglify@",null]
22 verbose parsed url { protocol: null,
22 verbose parsed url   slashes: null,
22 verbose parsed url   auth: null,
22 verbose parsed url   host: null,
22 verbose parsed url   port: null,
22 verbose parsed url   hostname: null,
22 verbose parsed url   hash: null,
22 verbose parsed url   search: null,
22 verbose parsed url   query: null,
22 verbose parsed url   pathname: 'grunt-contrib-uglify@',
22 verbose parsed url   path: 'grunt-contrib-uglify@',
22 verbose parsed url   href: 'grunt-contrib-uglify@' }
23 verbose cache add name="grunt" spec="" args=["grunt",""]
24 verbose parsed url { protocol: null,
24 verbose parsed url   slashes: null,
24 verbose parsed url   auth: null,
24 verbose parsed url   host: null,
24 verbose parsed url   port: null,
24 verbose parsed url   hostname: null,
24 verbose parsed url   hash: null,
24 verbose parsed url   search: null,
24 verbose parsed url   query: null,
24 verbose parsed url   pathname: null,
24 verbose parsed url   path: null,
24 verbose parsed url   href: '' }
25 verbose addNamed [ 'grunt', '' ]
26 verbose addNamed [ null, '*' ]
27 verbose cache add name="grunt-contrib-jshint" spec="" args=["grunt-contrib-jshint",""]
28 verbose parsed url { protocol: null,
28 verbose parsed url   slashes: null,
28 verbose parsed url   auth: null,
28 verbose parsed url   host: null,
28 verbose parsed url   port: null,
28 verbose parsed url   hostname: null,
28 verbose parsed url   hash: null,
28 verbose parsed url   search: null,
28 verbose parsed url   query: null,
28 verbose parsed url   pathname: null,
28 verbose parsed url   path: null,
28 verbose parsed url   href: '' }
29 verbose addNamed [ 'grunt-contrib-jshint', '' ]
30 verbose addNamed [ null, '*' ]
31 verbose cache add name="grunt-contrib-nodeunit" spec="" args=["grunt-contrib-nodeunit",""]
32 verbose parsed url { protocol: null,
32 verbose parsed url   slashes: null,
32 verbose parsed url   auth: null,
32 verbose parsed url   host: null,
32 verbose parsed url   port: null,
32 verbose parsed url   hostname: null,
32 verbose parsed url   hash: null,
32 verbose parsed url   search: null,
32 verbose parsed url   query: null,
32 verbose parsed url   pathname: null,
32 verbose parsed url   path: null,
32 verbose parsed url   href: '' }
33 verbose addNamed [ 'grunt-contrib-nodeunit', '' ]
34 verbose addNamed [ null, '*' ]
35 verbose cache add name="grunt-contrib-concat" spec="" args=["grunt-contrib-concat",""]
36 verbose parsed url { protocol: null,
36 verbose parsed url   slashes: null,
36 verbose parsed url   auth: null,
36 verbose parsed url   host: null,
36 verbose parsed url   port: null,
36 verbose parsed url   hostname: null,
36 verbose parsed url   hash: null,
36 verbose parsed url   search: null,
36 verbose parsed url   query: null,
36 verbose parsed url   pathname: null,
36 verbose parsed url   path: null,
36 verbose parsed url   href: '' }
37 verbose addNamed [ 'grunt-contrib-concat', '' ]
38 verbose addNamed [ null, '*' ]
39 verbose cache add [ 'grunt-contrib-clean@', null ]
40 verbose cache add name=undefined spec="grunt-contrib-clean@" args=["grunt-contrib-clean@",null]
41 verbose parsed url { protocol: null,
41 verbose parsed url   slashes: null,
41 verbose parsed url   auth: null,
41 verbose parsed url   host: null,
41 verbose parsed url   port: null,
41 verbose parsed url   hostname: null,
41 verbose parsed url   hash: null,
41 verbose parsed url   search: null,
41 verbose parsed url   query: null,
41 verbose parsed url   pathname: 'grunt-contrib-clean@',
41 verbose parsed url   path: 'grunt-contrib-clean@',
41 verbose parsed url   href: 'grunt-contrib-clean@' }
42 verbose cache add [ 'grunt-preprocess@', null ]
43 verbose cache add name=undefined spec="grunt-preprocess@" args=["grunt-preprocess@",null]
44 verbose parsed url { protocol: null,
44 verbose parsed url   slashes: null,
44 verbose parsed url   auth: null,
44 verbose parsed url   host: null,
44 verbose parsed url   port: null,
44 verbose parsed url   hostname: null,
44 verbose parsed url   hash: null,
44 verbose parsed url   search: null,
44 verbose parsed url   query: null,
44 verbose parsed url   pathname: 'grunt-preprocess@',
44 verbose parsed url   path: 'grunt-preprocess@',
44 verbose parsed url   href: 'grunt-preprocess@' }
45 verbose cache add name="grunt-contrib-uglify" spec="" args=["grunt-contrib-uglify",""]
46 verbose parsed url { protocol: null,
46 verbose parsed url   slashes: null,
46 verbose parsed url   auth: null,
46 verbose parsed url   host: null,
46 verbose parsed url   port: null,
46 verbose parsed url   hostname: null,
46 verbose parsed url   hash: null,
46 verbose parsed url   search: null,
46 verbose parsed url   query: null,
46 verbose parsed url   pathname: null,
46 verbose parsed url   path: null,
46 verbose parsed url   href: '' }
47 verbose addNamed [ 'grunt-contrib-uglify', '' ]
48 verbose addNamed [ null, '*' ]
49 silly lockFile 55f1ff24-grunt grunt@
50 verbose lock grunt@ /Users/victor/.npm/55f1ff24-grunt.lock
51 silly lockFile c28ce841-grunt-contrib-jshint grunt-contrib-jshint@
52 verbose lock grunt-contrib-jshint@ /Users/victor/.npm/c28ce841-grunt-contrib-jshint.lock
53 silly lockFile 6e65465f-grunt-contrib-nodeunit grunt-contrib-nodeunit@
54 verbose lock grunt-contrib-nodeunit@ /Users/victor/.npm/6e65465f-grunt-contrib-nodeunit.lock
55 silly lockFile 9f2aab3b-grunt-contrib-concat grunt-contrib-concat@
56 verbose lock grunt-contrib-concat@ /Users/victor/.npm/9f2aab3b-grunt-contrib-concat.lock
57 silly lockFile 1f4692e4-grunt-contrib-uglify grunt-contrib-uglify@
58 verbose lock grunt-contrib-uglify@ /Users/victor/.npm/1f4692e4-grunt-contrib-uglify.lock
59 verbose cache add name="grunt-contrib-clean" spec="" args=["grunt-contrib-clean",""]
60 verbose parsed url { protocol: null,
60 verbose parsed url   slashes: null,
60 verbose parsed url   auth: null,
60 verbose parsed url   host: null,
60 verbose parsed url   port: null,
60 verbose parsed url   hostname: null,
60 verbose parsed url   hash: null,
60 verbose parsed url   search: null,
60 verbose parsed url   query: null,
60 verbose parsed url   pathname: null,
60 verbose parsed url   path: null,
60 verbose parsed url   href: '' }
61 verbose addNamed [ 'grunt-contrib-clean', '' ]
62 verbose addNamed [ null, '*' ]
63 silly lockFile 8bff91c3-grunt-contrib-clean grunt-contrib-clean@
64 verbose lock grunt-contrib-clean@ /Users/victor/.npm/8bff91c3-grunt-contrib-clean.lock
65 verbose cache add [ 'grunt-git-revision-count@', null ]
66 verbose cache add name=undefined spec="grunt-git-revision-count@" args=["grunt-git-revision-count@",null]
67 verbose parsed url { protocol: null,
67 verbose parsed url   slashes: null,
67 verbose parsed url   auth: null,
67 verbose parsed url   host: null,
67 verbose parsed url   port: null,
67 verbose parsed url   hostname: null,
67 verbose parsed url   hash: null,
67 verbose parsed url   search: null,
67 verbose parsed url   query: null,
67 verbose parsed url   pathname: 'grunt-git-revision-count@',
67 verbose parsed url   path: 'grunt-git-revision-count@',
67 verbose parsed url   href: 'grunt-git-revision-count@' }
68 verbose cache add [ 'grunt-closure-tools@', null ]
69 verbose cache add name=undefined spec="grunt-closure-tools@" args=["grunt-closure-tools@",null]
70 verbose parsed url { protocol: null,
70 verbose parsed url   slashes: null,
70 verbose parsed url   auth: null,
70 verbose parsed url   host: null,
70 verbose parsed url   port: null,
70 verbose parsed url   hostname: null,
70 verbose parsed url   hash: null,
70 verbose parsed url   search: null,
70 verbose parsed url   query: null,
70 verbose parsed url   pathname: 'grunt-closure-tools@',
70 verbose parsed url   path: 'grunt-closure-tools@',
70 verbose parsed url   href: 'grunt-closure-tools@' }
71 verbose cache add [ 'grunt-node-qunit@', null ]
72 verbose cache add name=undefined spec="grunt-node-qunit@" args=["grunt-node-qunit@",null]
73 verbose parsed url { protocol: null,
73 verbose parsed url   slashes: null,
73 verbose parsed url   auth: null,
73 verbose parsed url   host: null,
73 verbose parsed url   port: null,
73 verbose parsed url   hostname: null,
73 verbose parsed url   hash: null,
73 verbose parsed url   search: null,
73 verbose parsed url   query: null,
73 verbose parsed url   pathname: 'grunt-node-qunit@',
73 verbose parsed url   path: 'grunt-node-qunit@',
73 verbose parsed url   href: 'grunt-node-qunit@' }
74 verbose cache add name="grunt-preprocess" spec="" args=["grunt-preprocess",""]
75 verbose parsed url { protocol: null,
75 verbose parsed url   slashes: null,
75 verbose parsed url   auth: null,
75 verbose parsed url   host: null,
75 verbose parsed url   port: null,
75 verbose parsed url   hostname: null,
75 verbose parsed url   hash: null,
75 verbose parsed url   search: null,
75 verbose parsed url   query: null,
75 verbose parsed url   pathname: null,
75 verbose parsed url   path: null,
75 verbose parsed url   href: '' }
76 verbose addNamed [ 'grunt-preprocess', '' ]
77 verbose addNamed [ null, '*' ]
78 silly lockFile 01c0bc23-grunt-preprocess grunt-preprocess@
79 verbose lock grunt-preprocess@ /Users/victor/.npm/01c0bc23-grunt-preprocess.lock
80 verbose cache add name="grunt-git-revision-count" spec="" args=["grunt-git-revision-count",""]
81 verbose parsed url { protocol: null,
81 verbose parsed url   slashes: null,
81 verbose parsed url   auth: null,
81 verbose parsed url   host: null,
81 verbose parsed url   port: null,
81 verbose parsed url   hostname: null,
81 verbose parsed url   hash: null,
81 verbose parsed url   search: null,
81 verbose parsed url   query: null,
81 verbose parsed url   pathname: null,
81 verbose parsed url   path: null,
81 verbose parsed url   href: '' }
82 verbose addNamed [ 'grunt-git-revision-count', '' ]
83 verbose addNamed [ null, '*' ]
84 silly lockFile 18489407-grunt-git-revision-count grunt-git-revision-count@
85 verbose lock grunt-git-revision-count@ /Users/victor/.npm/18489407-grunt-git-revision-count.lock
86 verbose cache add name="grunt-closure-tools" spec="" args=["grunt-closure-tools",""]
87 verbose parsed url { protocol: null,
87 verbose parsed url   slashes: null,
87 verbose parsed url   auth: null,
87 verbose parsed url   host: null,
87 verbose parsed url   port: null,
87 verbose parsed url   hostname: null,
87 verbose parsed url   hash: null,
87 verbose parsed url   search: null,
87 verbose parsed url   query: null,
87 verbose parsed url   pathname: null,
87 verbose parsed url   path: null,
87 verbose parsed url   href: '' }
88 verbose addNamed [ 'grunt-closure-tools', '' ]
89 verbose addNamed [ null, '*' ]
90 silly lockFile 867f52d1-grunt-closure-tools grunt-closure-tools@
91 verbose lock grunt-closure-tools@ /Users/victor/.npm/867f52d1-grunt-closure-tools.lock
92 verbose cache add [ 'grunt-wget@', null ]
93 verbose cache add name=undefined spec="grunt-wget@" args=["grunt-wget@",null]
94 verbose parsed url { protocol: null,
94 verbose parsed url   slashes: null,
94 verbose parsed url   auth: null,
94 verbose parsed url   host: null,
94 verbose parsed url   port: null,
94 verbose parsed url   hostname: null,
94 verbose parsed url   hash: null,
94 verbose parsed url   search: null,
94 verbose parsed url   query: null,
94 verbose parsed url   pathname: 'grunt-wget@',
94 verbose parsed url   path: 'grunt-wget@',
94 verbose parsed url   href: 'grunt-wget@' }
95 verbose cache add [ 'grunt-jsdoc@beta', null ]
96 verbose cache add name=undefined spec="grunt-jsdoc@beta" args=["grunt-jsdoc@beta",null]
97 verbose parsed url { protocol: null,
97 verbose parsed url   slashes: null,
97 verbose parsed url   auth: null,
97 verbose parsed url   host: null,
97 verbose parsed url   port: null,
97 verbose parsed url   hostname: null,
97 verbose parsed url   hash: null,
97 verbose parsed url   search: null,
97 verbose parsed url   query: null,
97 verbose parsed url   pathname: 'grunt-jsdoc@beta',
97 verbose parsed url   path: 'grunt-jsdoc@beta',
97 verbose parsed url   href: 'grunt-jsdoc@beta' }
98 verbose cache add name="grunt-node-qunit" spec="" args=["grunt-node-qunit",""]
99 verbose parsed url { protocol: null,
99 verbose parsed url   slashes: null,
99 verbose parsed url   auth: null,
99 verbose parsed url   host: null,
99 verbose parsed url   port: null,
99 verbose parsed url   hostname: null,
99 verbose parsed url   hash: null,
99 verbose parsed url   search: null,
99 verbose parsed url   query: null,
99 verbose parsed url   pathname: null,
99 verbose parsed url   path: null,
99 verbose parsed url   href: '' }
100 verbose addNamed [ 'grunt-node-qunit', '' ]
101 verbose addNamed [ null, '*' ]
102 silly lockFile 3c65f2f4-grunt-node-qunit grunt-node-qunit@
103 verbose lock grunt-node-qunit@ /Users/victor/.npm/3c65f2f4-grunt-node-qunit.lock
104 silly addNameRange { name: 'grunt', range: '*', hasData: false }
105 silly addNameRange { name: 'grunt-contrib-nodeunit', range: '*', hasData: false }
106 silly addNameRange { name: 'grunt-contrib-jshint', range: '*', hasData: false }
107 silly addNameRange { name: 'grunt-contrib-concat', range: '*', hasData: false }
108 silly addNameRange { name: 'grunt-contrib-uglify', range: '*', hasData: false }
109 silly addNameRange { name: 'grunt-contrib-clean', range: '*', hasData: false }
110 verbose cache add name="grunt-wget" spec="" args=["grunt-wget",""]
111 verbose parsed url { protocol: null,
111 verbose parsed url   slashes: null,
111 verbose parsed url   auth: null,
111 verbose parsed url   host: null,
111 verbose parsed url   port: null,
111 verbose parsed url   hostname: null,
111 verbose parsed url   hash: null,
111 verbose parsed url   search: null,
111 verbose parsed url   query: null,
111 verbose parsed url   pathname: null,
111 verbose parsed url   path: null,
111 verbose parsed url   href: '' }
112 verbose addNamed [ 'grunt-wget', '' ]
113 verbose addNamed [ null, '*' ]
114 silly lockFile c5d0fddf-grunt-wget grunt-wget@
115 verbose lock grunt-wget@ /Users/victor/.npm/c5d0fddf-grunt-wget.lock
116 verbose cache add [ 'grunt-shell@', null ]
117 verbose cache add name=undefined spec="grunt-shell@" args=["grunt-shell@",null]
118 verbose parsed url { protocol: null,
118 verbose parsed url   slashes: null,
118 verbose parsed url   auth: null,
118 verbose parsed url   host: null,
118 verbose parsed url   port: null,
118 verbose parsed url   hostname: null,
118 verbose parsed url   hash: null,
118 verbose parsed url   search: null,
118 verbose parsed url   query: null,
118 verbose parsed url   pathname: 'grunt-shell@',
118 verbose parsed url   path: 'grunt-shell@',
118 verbose parsed url   href: 'grunt-shell@' }
119 verbose cache add [ 'grunt-template@', null ]
120 verbose cache add name=undefined spec="grunt-template@" args=["grunt-template@",null]
121 verbose parsed url { protocol: null,
121 verbose parsed url   slashes: null,
121 verbose parsed url   auth: null,
121 verbose parsed url   host: null,
121 verbose parsed url   port: null,
121 verbose parsed url   hostname: null,
121 verbose parsed url   hash: null,
121 verbose parsed url   search: null,
121 verbose parsed url   query: null,
121 verbose parsed url   pathname: 'grunt-template@',
121 verbose parsed url   path: 'grunt-template@',
121 verbose parsed url   href: 'grunt-template@' }
122 verbose cache add name="grunt-jsdoc" spec="beta" args=["grunt-jsdoc","beta"]
123 verbose parsed url { protocol: null,
123 verbose parsed url   slashes: null,
123 verbose parsed url   auth: null,
123 verbose parsed url   host: null,
123 verbose parsed url   port: null,
123 verbose parsed url   hostname: null,
123 verbose parsed url   hash: null,
123 verbose parsed url   search: null,
123 verbose parsed url   query: null,
123 verbose parsed url   pathname: 'beta',
123 verbose parsed url   path: 'beta',
123 verbose parsed url   href: 'beta' }
124 verbose addNamed [ 'grunt-jsdoc', 'beta' ]
125 verbose addNamed [ null, null ]
126 silly lockFile 184cca73-grunt-jsdoc-beta grunt-jsdoc@beta
127 verbose lock grunt-jsdoc@beta /Users/victor/.npm/184cca73-grunt-jsdoc-beta.lock
128 silly addNameRange { name: 'grunt-preprocess', range: '*', hasData: false }
129 silly addNameRange { name: 'grunt-git-revision-count', range: '*', hasData: false }
130 silly addNameRange { name: 'grunt-closure-tools', range: '*', hasData: false }
131 verbose cache add name="grunt-shell" spec="" args=["grunt-shell",""]
132 verbose parsed url { protocol: null,
132 verbose parsed url   slashes: null,
132 verbose parsed url   auth: null,
132 verbose parsed url   host: null,
132 verbose parsed url   port: null,
132 verbose parsed url   hostname: null,
132 verbose parsed url   hash: null,
132 verbose parsed url   search: null,
132 verbose parsed url   query: null,
132 verbose parsed url   pathname: null,
132 verbose parsed url   path: null,
132 verbose parsed url   href: '' }
133 verbose addNamed [ 'grunt-shell', '' ]
134 verbose addNamed [ null, '*' ]
135 silly lockFile 9b13ef1a-grunt-shell grunt-shell@
136 verbose lock grunt-shell@ /Users/victor/.npm/9b13ef1a-grunt-shell.lock
137 verbose cache add name="grunt-template" spec="" args=["grunt-template",""]
138 verbose parsed url { protocol: null,
138 verbose parsed url   slashes: null,
138 verbose parsed url   auth: null,
138 verbose parsed url   host: null,
138 verbose parsed url   port: null,
138 verbose parsed url   hostname: null,
138 verbose parsed url   hash: null,
138 verbose parsed url   search: null,
138 verbose parsed url   query: null,
138 verbose parsed url   pathname: null,
138 verbose parsed url   path: null,
138 verbose parsed url   href: '' }
139 verbose addNamed [ 'grunt-template', '' ]
140 verbose addNamed [ null, '*' ]
141 silly lockFile ca2ceda5-grunt-template grunt-template@
142 verbose lock grunt-template@ /Users/victor/.npm/ca2ceda5-grunt-template.lock
143 silly addNameRange { name: 'grunt-node-qunit', range: '*', hasData: false }
144 silly addNameRange { name: 'grunt-wget', range: '*', hasData: false }
145 info addNameTag [ 'grunt-jsdoc', 'beta' ]
146 silly addNameRange { name: 'grunt-shell', range: '*', hasData: false }
147 silly addNameRange { name: 'grunt-template', range: '*', hasData: false }
148 verbose request where is /grunt-contrib-nodeunit
149 verbose request registry https://registry.npmjs.org/
150 verbose request id 9a585cfba3010e7a
151 verbose url raw /grunt-contrib-nodeunit
152 verbose url resolving [ 'https://registry.npmjs.org/', './grunt-contrib-nodeunit' ]
153 verbose url resolved https://registry.npmjs.org/grunt-contrib-nodeunit
154 verbose request where is https://registry.npmjs.org/grunt-contrib-nodeunit
155 info trying registry request attempt 1 at 20:32:17
156 verbose etag "2176G8IUVHRCYW51V2YOZIEF2"
157 http GET https://registry.npmjs.org/grunt-contrib-nodeunit
158 verbose request where is /grunt
159 verbose request registry https://registry.npmjs.org/
160 verbose url raw /grunt
161 verbose url resolving [ 'https://registry.npmjs.org/', './grunt' ]
162 verbose url resolved https://registry.npmjs.org/grunt
163 verbose request where is https://registry.npmjs.org/grunt
164 info trying registry request attempt 1 at 20:32:17
165 verbose etag "3O2BX9Z8REM17DKLLPEU13R79"
166 http GET https://registry.npmjs.org/grunt
167 verbose request where is /grunt-contrib-concat
168 verbose request registry https://registry.npmjs.org/
169 verbose url raw /grunt-contrib-concat
170 verbose url resolving [ 'https://registry.npmjs.org/', './grunt-contrib-concat' ]
171 verbose url resolved https://registry.npmjs.org/grunt-contrib-concat
172 verbose request where is https://registry.npmjs.org/grunt-contrib-concat
173 info trying registry request attempt 1 at 20:32:17
174 verbose etag "6CVAHCQ6LYPDUURMYSWN0OY7M"
175 http GET https://registry.npmjs.org/grunt-contrib-concat
176 verbose request where is /grunt-contrib-jshint
177 verbose request registry https://registry.npmjs.org/
178 verbose url raw /grunt-contrib-jshint
179 verbose url resolving [ 'https://registry.npmjs.org/', './grunt-contrib-jshint' ]
180 verbose url resolved https://registry.npmjs.org/grunt-contrib-jshint
181 verbose request where is https://registry.npmjs.org/grunt-contrib-jshint
182 info trying registry request attempt 1 at 20:32:17
183 verbose etag "3UJE2O7NGEJQOYKOKOFCU4PBM"
184 http GET https://registry.npmjs.org/grunt-contrib-jshint
185 verbose request where is /grunt-contrib-uglify
186 verbose request registry https://registry.npmjs.org/
187 verbose url raw /grunt-contrib-uglify
188 verbose url resolving [ 'https://registry.npmjs.org/', './grunt-contrib-uglify' ]
189 verbose url resolved https://registry.npmjs.org/grunt-contrib-uglify
190 verbose request where is https://registry.npmjs.org/grunt-contrib-uglify
191 info trying registry request attempt 1 at 20:32:17
192 verbose etag "1ZHGVXAR9ONOJ3Q5LIW6B0GVU"
193 http GET https://registry.npmjs.org/grunt-contrib-uglify
194 verbose request where is /grunt-contrib-clean
195 verbose request registry https://registry.npmjs.org/
196 verbose url raw /grunt-contrib-clean
197 verbose url resolving [ 'https://registry.npmjs.org/', './grunt-contrib-clean' ]
198 verbose url resolved https://registry.npmjs.org/grunt-contrib-clean
199 verbose request where is https://registry.npmjs.org/grunt-contrib-clean
200 info trying registry request attempt 1 at 20:32:17
201 verbose etag "73SM4AMGNUYXTNC6QIATYGHCP"
202 http GET https://registry.npmjs.org/grunt-contrib-clean
203 verbose request where is /grunt-preprocess
204 verbose request registry https://registry.npmjs.org/
205 verbose url raw /grunt-preprocess
206 verbose url resolving [ 'https://registry.npmjs.org/', './grunt-preprocess' ]
207 verbose url resolved https://registry.npmjs.org/grunt-preprocess
208 verbose request where is https://registry.npmjs.org/grunt-preprocess
209 info trying registry request attempt 1 at 20:32:17
210 verbose etag "669BQ82OXGAZG40PC5C4W2CDA"
211 http GET https://registry.npmjs.org/grunt-preprocess
212 verbose request where is /grunt-node-qunit
213 verbose request registry https://registry.npmjs.org/
214 verbose url raw /grunt-node-qunit
215 verbose url resolving [ 'https://registry.npmjs.org/', './grunt-node-qunit' ]
216 verbose url resolved https://registry.npmjs.org/grunt-node-qunit
217 verbose request where is https://registry.npmjs.org/grunt-node-qunit
218 info trying registry request attempt 1 at 20:32:17
219 verbose etag "1OOU747LHTEUFUS8M9ZZOB09T"
220 http GET https://registry.npmjs.org/grunt-node-qunit
221 verbose request where is /grunt-git-revision-count
222 verbose request registry https://registry.npmjs.org/
223 verbose url raw /grunt-git-revision-count
224 verbose url resolving [ 'https://registry.npmjs.org/', './grunt-git-revision-count' ]
225 verbose url resolved https://registry.npmjs.org/grunt-git-revision-count
226 verbose request where is https://registry.npmjs.org/grunt-git-revision-count
227 info trying registry request attempt 1 at 20:32:17
228 verbose etag "1HPZXIV7Q49QHM0OCKV1GVNIM"
229 http GET https://registry.npmjs.org/grunt-git-revision-count
230 verbose request where is /grunt-closure-tools
231 verbose request registry https://registry.npmjs.org/
232 verbose url raw /grunt-closure-tools
233 verbose url resolving [ 'https://registry.npmjs.org/', './grunt-closure-tools' ]
234 verbose url resolved https://registry.npmjs.org/grunt-closure-tools
235 verbose request where is https://registry.npmjs.org/grunt-closure-tools
236 info trying registry request attempt 1 at 20:32:17
237 verbose etag "BKURXPYOP1AA9Y7SQAJZIO5UG"
238 http GET https://registry.npmjs.org/grunt-closure-tools
239 verbose request where is /grunt-wget
240 verbose request registry https://registry.npmjs.org/
241 verbose url raw /grunt-wget
242 verbose url resolving [ 'https://registry.npmjs.org/', './grunt-wget' ]
243 verbose url resolved https://registry.npmjs.org/grunt-wget
244 verbose request where is https://registry.npmjs.org/grunt-wget
245 info trying registry request attempt 1 at 20:32:17
246 verbose etag "49TDSJZV663LIPF0VWG4J2YCH"
247 http GET https://registry.npmjs.org/grunt-wget
248 verbose request where is /grunt-jsdoc
249 verbose request registry https://registry.npmjs.org/
250 verbose url raw /grunt-jsdoc
251 verbose url resolving [ 'https://registry.npmjs.org/', './grunt-jsdoc' ]
252 verbose url resolved https://registry.npmjs.org/grunt-jsdoc
253 verbose request where is https://registry.npmjs.org/grunt-jsdoc
254 info trying registry request attempt 1 at 20:32:17
255 verbose etag "B6VNQS44F6QH65ZHXQFI1VSYE"
256 http GET https://registry.npmjs.org/grunt-jsdoc
257 verbose request where is /grunt-shell
258 verbose request registry https://registry.npmjs.org/
259 verbose url raw /grunt-shell
260 verbose url resolving [ 'https://registry.npmjs.org/', './grunt-shell' ]
261 verbose url resolved https://registry.npmjs.org/grunt-shell
262 verbose request where is https://registry.npmjs.org/grunt-shell
263 info trying registry request attempt 1 at 20:32:17
264 verbose etag "EQM234DFO0VWFFO6TMMDUSMX9"
265 http GET https://registry.npmjs.org/grunt-shell
266 verbose request where is /grunt-template
267 verbose request registry https://registry.npmjs.org/
268 verbose url raw /grunt-template
269 verbose url resolving [ 'https://registry.npmjs.org/', './grunt-template' ]
270 verbose url resolved https://registry.npmjs.org/grunt-template
271 verbose request where is https://registry.npmjs.org/grunt-template
272 info trying registry request attempt 1 at 20:32:17
273 verbose etag "65BCHW3MJ5V2MVSJBGS2CQTF"
274 http GET https://registry.npmjs.org/grunt-template
275 http 304 https://registry.npmjs.org/grunt-contrib-nodeunit
276 silly registry.get cb [ 304,
276 silly registry.get   { date: 'Fri, 05 Jun 2015 00:32:17 GMT',
276 silly registry.get     via: '1.1 varnish',
276 silly registry.get     'cache-control': 'max-age=60',
276 silly registry.get     etag: '"2176G8IUVHRCYW51V2YOZIEF2"',
276 silly registry.get     age: '0',
276 silly registry.get     connection: 'keep-alive',
276 silly registry.get     'x-served-by': 'cache-iad2121-IAD',
276 silly registry.get     'x-cache': 'HIT',
276 silly registry.get     'x-cache-hits': '1',
276 silly registry.get     'x-timer': 'S1433464337.964696,VS0,VE13',
276 silly registry.get     vary: 'Accept' } ]
277 verbose etag https://registry.npmjs.org/grunt-contrib-nodeunit from cache
278 silly addNameRange number 2 { name: 'grunt-contrib-nodeunit', range: '*', hasData: true }
279 silly addNameRange versions [ 'grunt-contrib-nodeunit',
279 silly addNameRange   [ '0.1.0',
279 silly addNameRange     '0.1.1',
279 silly addNameRange     '0.1.2',
279 silly addNameRange     '0.2.0',
279 silly addNameRange     '0.2.1',
279 silly addNameRange     '0.2.2',
279 silly addNameRange     '0.3.0',
279 silly addNameRange     '0.1.2-rc5',
279 silly addNameRange     '0.1.2-rc6',
279 silly addNameRange     '0.3.1',
279 silly addNameRange     '0.3.2',
279 silly addNameRange     '0.3.3',
279 silly addNameRange     '0.4.0',
279 silly addNameRange     '0.4.1' ] ]
280 verbose addNamed [ 'grunt-contrib-nodeunit', '0.4.1' ]
281 verbose addNamed [ '0.4.1', '0.4.1' ]
282 silly lockFile 3261ce55-grunt-contrib-nodeunit-0-4-1 grunt-contrib-nodeunit@0.4.1
283 verbose lock grunt-contrib-nodeunit@0.4.1 /Users/victor/.npm/3261ce55-grunt-contrib-nodeunit-0-4-1.lock
284 silly lockFile 3261ce55-grunt-contrib-nodeunit-0-4-1 grunt-contrib-nodeunit@0.4.1
285 silly lockFile 3261ce55-grunt-contrib-nodeunit-0-4-1 grunt-contrib-nodeunit@0.4.1
286 silly lockFile 6e65465f-grunt-contrib-nodeunit grunt-contrib-nodeunit@
287 silly lockFile 6e65465f-grunt-contrib-nodeunit grunt-contrib-nodeunit@
288 http 200 https://registry.npmjs.org/grunt-contrib-concat
289 silly registry.get cb [ 200,
289 silly registry.get   { server: 'CouchDB/1.5.0 (Erlang OTP/R16B03)',
289 silly registry.get     etag: '"CTLWQBD0HAPX7055V7ICM92DS"',
289 silly registry.get     'content-type': 'application/json',
289 silly registry.get     'cache-control': 'max-age=60',
289 silly registry.get     'content-length': '29953',
289 silly registry.get     'accept-ranges': 'bytes',
289 silly registry.get     date: 'Fri, 05 Jun 2015 00:32:17 GMT',
289 silly registry.get     via: '1.1 varnish',
289 silly registry.get     age: '0',
289 silly registry.get     connection: 'keep-alive',
289 silly registry.get     'x-served-by': 'cache-iad2131-IAD',
289 silly registry.get     'x-cache': 'HIT',
289 silly registry.get     'x-cache-hits': '1',
289 silly registry.get     'x-timer': 'S1433464337.963480,VS0,VE12',
289 silly registry.get     vary: 'Accept' } ]
290 silly addNameRange number 2 { name: 'grunt-contrib-concat', range: '*', hasData: true }
291 silly addNameRange versions [ 'grunt-contrib-concat',
291 silly addNameRange   [ '0.1.0',
291 silly addNameRange     '0.1.1',
291 silly addNameRange     '0.1.2',
291 silly addNameRange     '0.1.3',
291 silly addNameRange     '0.2.0',
291 silly addNameRange     '0.3.0',
291 silly addNameRange     '0.4.0',
291 silly addNameRange     '0.5.0',
291 silly addNameRange     '0.5.1',
291 silly addNameRange     '0.1.2-rc5',
291 silly addNameRange     '0.1.2-rc6' ] ]
292 verbose addNamed [ 'grunt-contrib-concat', '0.5.1' ]
293 verbose addNamed [ '0.5.1', '0.5.1' ]
294 silly lockFile 63a362d5-grunt-contrib-concat-0-5-1 grunt-contrib-concat@0.5.1
295 verbose lock grunt-contrib-concat@0.5.1 /Users/victor/.npm/63a362d5-grunt-contrib-concat-0-5-1.lock
296 silly lockFile 63a362d5-grunt-contrib-concat-0-5-1 grunt-contrib-concat@0.5.1
297 silly lockFile 63a362d5-grunt-contrib-concat-0-5-1 grunt-contrib-concat@0.5.1
298 silly lockFile 9f2aab3b-grunt-contrib-concat grunt-contrib-concat@
299 silly lockFile 9f2aab3b-grunt-contrib-concat grunt-contrib-concat@
300 http 200 https://registry.npmjs.org/grunt-contrib-jshint
301 silly registry.get cb [ 200,
301 silly registry.get   { server: 'CouchDB/1.5.0 (Erlang OTP/R16B03)',
301 silly registry.get     etag: '"27GT5HY6TZQHW59TS3JN6Q0AS"',
301 silly registry.get     'content-type': 'application/json',
301 silly registry.get     'cache-control': 'max-age=60',
301 silly registry.get     'content-length': '59117',
301 silly registry.get     'accept-ranges': 'bytes',
301 silly registry.get     date: 'Fri, 05 Jun 2015 00:32:17 GMT',
301 silly registry.get     via: '1.1 varnish',
301 silly registry.get     age: '43',
301 silly registry.get     connection: 'keep-alive',
301 silly registry.get     'x-served-by': 'cache-iad2128-IAD',
301 silly registry.get     'x-cache': 'HIT',
301 silly registry.get     'x-cache-hits': '1',
301 silly registry.get     'x-timer': 'S1433464337.962034,VS0,VE0',
301 silly registry.get     vary: 'Accept' } ]
302 http 200 https://registry.npmjs.org/grunt
303 silly registry.get cb [ 200,
303 silly registry.get   { server: 'CouchDB/1.5.0 (Erlang OTP/R16B03)',
303 silly registry.get     etag: '"9UNXQBDWNSVW3HVYRPKWOKQXV"',
303 silly registry.get     'content-type': 'application/json',
303 silly registry.get     'cache-control': 'max-age=60',
303 silly registry.get     'content-length': '89381',
303 silly registry.get     'accept-ranges': 'bytes',
303 silly registry.get     date: 'Fri, 05 Jun 2015 00:32:17 GMT',
303 silly registry.get     via: '1.1 varnish',
303 silly registry.get     age: '32',
303 silly registry.get     connection: 'keep-alive',
303 silly registry.get     'x-served-by': 'cache-iad2124-IAD',
303 silly registry.get     'x-cache': 'HIT',
303 silly registry.get     'x-cache-hits': '1',
303 silly registry.get     'x-timer': 'S1433464337.964337,VS0,VE1',
303 silly registry.get     vary: 'Accept' } ]
304 silly addNameRange number 2 { name: 'grunt-contrib-jshint', range: '*', hasData: true }
305 silly addNameRange versions [ 'grunt-contrib-jshint',
305 silly addNameRange   [ '0.1.0',
305 silly addNameRange     '0.1.1',
305 silly addNameRange     '0.2.0',
305 silly addNameRange     '0.3.0',
305 silly addNameRange     '0.4.0',
305 silly addNameRange     '0.4.1',
305 silly addNameRange     '0.4.2',
305 silly addNameRange     '0.4.3',
305 silly addNameRange     '0.5.0',
305 silly addNameRange     '0.5.1',
305 silly addNameRange     '0.5.2',
305 silly addNameRange     '0.5.3',
305 silly addNameRange     '0.5.4',
305 silly addNameRange     '0.6.0',
305 silly addNameRange     '0.6.1',
305 silly addNameRange     '0.6.2',
305 silly addNameRange     '0.6.3',
305 silly addNameRange     '0.6.4',
305 silly addNameRange     '0.6.5',
305 silly addNameRange     '0.7.0',
305 silly addNameRange     '0.7.1',
305 silly addNameRange     '0.7.2',
305 silly addNameRange     '0.8.0',
305 silly addNameRange     '0.9.0',
305 silly addNameRange     '0.9.1',
305 silly addNameRange     '0.9.2',
305 silly addNameRange     '0.10.0',
305 silly addNameRange     '0.11.0',
305 silly addNameRange     '0.11.1',
305 silly addNameRange     '0.11.2',
305 silly addNameRange     '0.1.1-rc5',
305 silly addNameRange     '0.1.1-rc6' ] ]
306 verbose addNamed [ 'grunt-contrib-jshint', '0.11.2' ]
307 verbose addNamed [ '0.11.2', '0.11.2' ]
308 silly lockFile 53316110-grunt-contrib-jshint-0-11-2 grunt-contrib-jshint@0.11.2
309 verbose lock grunt-contrib-jshint@0.11.2 /Users/victor/.npm/53316110-grunt-contrib-jshint-0-11-2.lock
310 silly addNameRange number 2 { name: 'grunt', range: '*', hasData: true }
311 silly addNameRange versions [ 'grunt',
311 silly addNameRange   [ '0.1.0',
311 silly addNameRange     '0.1.1',
311 silly addNameRange     '0.1.2',
311 silly addNameRange     '0.2.0',
311 silly addNameRange     '0.2.1',
311 silly addNameRange     '0.2.2',
311 silly addNameRange     '0.2.3',
311 silly addNameRange     '0.2.4',
311 silly addNameRange     '0.2.5',
311 silly addNameRange     '0.2.6',
311 silly addNameRange     '0.2.7',
311 silly addNameRange     '0.2.8',
311 silly addNameRange     '0.2.9',
311 silly addNameRange     '0.2.10',
311 silly addNameRange     '0.2.11',
311 silly addNameRange     '0.2.12',
311 silly addNameRange     '0.2.13',
311 silly addNameRange     '0.2.14',
311 silly addNameRange     '0.2.15',
311 silly addNameRange     '0.3.0',
311 silly addNameRange     '0.3.1',
311 silly addNameRange     '0.3.2',
311 silly addNameRange     '0.3.3',
311 silly addNameRange     '0.3.4',
311 silly addNameRange     '0.3.5',
311 silly addNameRange     '0.3.6',
311 silly addNameRange     '0.3.7',
311 silly addNameRange     '0.3.8',
311 silly addNameRange     '0.3.9',
311 silly addNameRange     '0.3.10',
311 silly addNameRange     '0.3.11',
311 silly addNameRange     '0.3.12',
311 silly addNameRange     '0.3.13',
311 silly addNameRange     '0.3.14',
311 silly addNameRange     '0.3.15',
311 silly addNameRange     '0.3.16',
311 silly addNameRange     '0.3.17',
311 silly addNameRange     '0.4.0',
311 silly addNameRange     '0.4.1',
311 silly addNameRange     '0.4.2',
311 silly addNameRange     '0.4.3',
311 silly addNameRange     '0.4.4',
311 silly addNameRange     '0.4.5',
311 silly addNameRange     '0.3.13-a',
311 silly addNameRange     '0.4.0-a',
311 silly addNameRange     '0.4.0-rc1',
311 silly addNameRange     '0.4.0-rc2',
311 silly addNameRange     '0.4.0-rc3',
311 silly addNameRange     '0.4.0-rc4',
311 silly addNameRange     '0.4.0-rc5',
311 silly addNameRange     '0.4.0-rc6',
311 silly addNameRange     '0.4.0-rc7',
311 silly addNameRange     '0.4.0-rc8' ] ]
312 verbose addNamed [ 'grunt', '0.4.5' ]
313 verbose addNamed [ '0.4.5', '0.4.5' ]
314 silly lockFile 81abf7ad-grunt-0-4-5 grunt@0.4.5
315 verbose lock grunt@0.4.5 /Users/victor/.npm/81abf7ad-grunt-0-4-5.lock
316 silly lockFile 53316110-grunt-contrib-jshint-0-11-2 grunt-contrib-jshint@0.11.2
317 silly lockFile 53316110-grunt-contrib-jshint-0-11-2 grunt-contrib-jshint@0.11.2
318 silly lockFile c28ce841-grunt-contrib-jshint grunt-contrib-jshint@
319 silly lockFile c28ce841-grunt-contrib-jshint grunt-contrib-jshint@
320 silly lockFile 81abf7ad-grunt-0-4-5 grunt@0.4.5
321 silly lockFile 81abf7ad-grunt-0-4-5 grunt@0.4.5
322 silly lockFile 55f1ff24-grunt grunt@
323 silly lockFile 55f1ff24-grunt grunt@
324 http 200 https://registry.npmjs.org/grunt-contrib-uglify
325 silly registry.get cb [ 200,
325 silly registry.get   { server: 'CouchDB/1.5.0 (Erlang OTP/R16B03)',
325 silly registry.get     etag: '"DGBINNHCV2CH4JZ1V5UG62FDS"',
325 silly registry.get     'content-type': 'application/json',
325 silly registry.get     'cache-control': 'max-age=60',
325 silly registry.get     'content-length': '65662',
325 silly registry.get     'accept-ranges': 'bytes',
325 silly registry.get     date: 'Fri, 05 Jun 2015 00:32:17 GMT',
325 silly registry.get     via: '1.1 varnish',
325 silly registry.get     age: '0',
325 silly registry.get     connection: 'keep-alive',
325 silly registry.get     'x-served-by': 'cache-iad2127-IAD',
325 silly registry.get     'x-cache': 'HIT',
325 silly registry.get     'x-cache-hits': '1',
325 silly registry.get     'x-timer': 'S1433464337.981923,VS0,VE13',
325 silly registry.get     vary: 'Accept' } ]
326 silly addNameRange number 2 { name: 'grunt-contrib-uglify', range: '*', hasData: true }
327 silly addNameRange versions [ 'grunt-contrib-uglify',
327 silly addNameRange   [ '0.1.0',
327 silly addNameRange     '0.1.1',
327 silly addNameRange     '0.1.2',
327 silly addNameRange     '0.2.0',
327 silly addNameRange     '0.2.1',
327 silly addNameRange     '0.2.2',
327 silly addNameRange     '0.2.3',
327 silly addNameRange     '0.2.4',
327 silly addNameRange     '0.2.5',
327 silly addNameRange     '0.2.6',
327 silly addNameRange     '0.2.7',
327 silly addNameRange     '0.3.0',
327 silly addNameRange     '0.3.1',
327 silly addNameRange     '0.1.1-rc5',
327 silly addNameRange     '0.1.1-rc6',
327 silly addNameRange     '0.3.2',
327 silly addNameRange     '0.3.3',
327 silly addNameRange     '0.4.0',
327 silly addNameRange     '0.5.0',
327 silly addNameRange     '0.4.1',
327 silly addNameRange     '0.5.1',
327 silly addNameRange     '0.6.0',
327 silly addNameRange     '0.7.0',
327 silly addNameRange     '0.8.0',
327 silly addNameRange     '0.8.1',
327 silly addNameRange     '0.9.0',
327 silly addNameRange     '0.9.1' ] ]
328 verbose addNamed [ 'grunt-contrib-uglify', '0.9.1' ]
329 verbose addNamed [ '0.9.1', '0.9.1' ]
330 silly lockFile 59c70bbc-grunt-contrib-uglify-0-9-1 grunt-contrib-uglify@0.9.1
331 verbose lock grunt-contrib-uglify@0.9.1 /Users/victor/.npm/59c70bbc-grunt-contrib-uglify-0-9-1.lock
332 silly lockFile 59c70bbc-grunt-contrib-uglify-0-9-1 grunt-contrib-uglify@0.9.1
333 silly lockFile 59c70bbc-grunt-contrib-uglify-0-9-1 grunt-contrib-uglify@0.9.1
334 silly lockFile 1f4692e4-grunt-contrib-uglify grunt-contrib-uglify@
335 silly lockFile 1f4692e4-grunt-contrib-uglify grunt-contrib-uglify@
336 http 200 https://registry.npmjs.org/grunt-contrib-clean
337 silly registry.get cb [ 200,
337 silly registry.get   { server: 'CouchDB/1.5.0 (Erlang OTP/R16B03)',
337 silly registry.get     etag: '"5EHZIP1JCM5GJ00N02L5Y8SOS"',
337 silly registry.get     'content-type': 'application/json',
337 silly registry.get     'cache-control': 'max-age=60',
337 silly registry.get     'content-length': '23423',
337 silly registry.get     'accept-ranges': 'bytes',
337 silly registry.get     date: 'Fri, 05 Jun 2015 00:32:18 GMT',
337 silly registry.get     via: '1.1 varnish',
337 silly registry.get     age: '0',
337 silly registry.get     connection: 'keep-alive',
337 silly registry.get     'x-served-by': 'cache-iad2121-IAD',
337 silly registry.get     'x-cache': 'HIT',
337 silly registry.get     'x-cache-hits': '1',
337 silly registry.get     'x-timer': 'S1433464338.010016,VS0,VE91',
337 silly registry.get     vary: 'Accept' } ]
338 http 304 https://registry.npmjs.org/grunt-closure-tools
339 silly registry.get cb [ 304,
339 silly registry.get   { date: 'Fri, 05 Jun 2015 00:32:18 GMT',
339 silly registry.get     via: '1.1 varnish',
339 silly registry.get     'cache-control': 'max-age=60',
339 silly registry.get     etag: '"BKURXPYOP1AA9Y7SQAJZIO5UG"',
339 silly registry.get     age: '0',
339 silly registry.get     connection: 'keep-alive',
339 silly registry.get     'x-served-by': 'cache-iad2127-IAD',
339 silly registry.get     'x-cache': 'MISS',
339 silly registry.get     'x-cache-hits': '0',
339 silly registry.get     'x-timer': 'S1433464338.089189,VS0,VE35',
339 silly registry.get     vary: 'Accept' } ]
340 verbose etag https://registry.npmjs.org/grunt-closure-tools from cache
341 http 304 https://registry.npmjs.org/grunt-preprocess
342 silly registry.get cb [ 304,
342 silly registry.get   { date: 'Fri, 05 Jun 2015 00:32:18 GMT',
342 silly registry.get     via: '1.1 varnish',
342 silly registry.get     'cache-control': 'max-age=60',
342 silly registry.get     etag: '"669BQ82OXGAZG40PC5C4W2CDA"',
342 silly registry.get     age: '0',
342 silly registry.get     connection: 'keep-alive',
342 silly registry.get     'x-served-by': 'cache-iad2131-IAD',
342 silly registry.get     'x-cache': 'HIT',
342 silly registry.get     'x-cache-hits': '1',
342 silly registry.get     'x-timer': 'S1433464338.038881,VS0,VE91',
342 silly registry.get     vary: 'Accept' } ]
343 verbose etag https://registry.npmjs.org/grunt-preprocess from cache
344 silly addNameRange number 2 { name: 'grunt-contrib-clean', range: '*', hasData: true }
345 silly addNameRange versions [ 'grunt-contrib-clean',
345 silly addNameRange   [ '0.1.0',
345 silly addNameRange     '0.2.0',
345 silly addNameRange     '0.3.0',
345 silly addNameRange     '0.3.1',
345 silly addNameRange     '0.3.2',
345 silly addNameRange     '0.4.0',
345 silly addNameRange     '0.4.1',
345 silly addNameRange     '0.5.0',
345 silly addNameRange     '0.6.0',
345 silly addNameRange     '0.4.0-a',
345 silly addNameRange     '0.4.0-rc5',
345 silly addNameRange     '0.4.0-rc6' ] ]
346 verbose addNamed [ 'grunt-contrib-clean', '0.6.0' ]
347 verbose addNamed [ '0.6.0', '0.6.0' ]
348 silly lockFile 0a668ef6-grunt-contrib-clean-0-6-0 grunt-contrib-clean@0.6.0
349 verbose lock grunt-contrib-clean@0.6.0 /Users/victor/.npm/0a668ef6-grunt-contrib-clean-0-6-0.lock
350 silly addNameRange number 2 { name: 'grunt-closure-tools', range: '*', hasData: true }
351 silly addNameRange versions [ 'grunt-closure-tools',
351 silly addNameRange   [ '0.5.1',
351 silly addNameRange     '0.6.0',
351 silly addNameRange     '0.6.1',
351 silly addNameRange     '0.6.3',
351 silly addNameRange     '0.6.5',
351 silly addNameRange     '0.6.6',
351 silly addNameRange     '0.6.7',
351 silly addNameRange     '0.6.8',
351 silly addNameRange     '0.6.9',
351 silly addNameRange     '0.6.10',
351 silly addNameRange     '0.6.11',
351 silly addNameRange     '0.6.12',
351 silly addNameRange     '0.6.13',
351 silly addNameRange     '0.7.0',
351 silly addNameRange     '0.7.1',
351 silly addNameRange     '0.7.2',
351 silly addNameRange     '0.7.3',
351 silly addNameRange     '0.7.5',
351 silly addNameRange     '0.7.6',
351 silly addNameRange     '0.7.7',
351 silly addNameRange     '0.8.0',
351 silly addNameRange     '0.8.1',
351 silly addNameRange     '0.8.2',
351 silly addNameRange     '0.8.3',
351 silly addNameRange     '0.8.4',
351 silly addNameRange     '0.8.5',
351 silly addNameRange     '0.8.6',
351 silly addNameRange     '0.8.7',
351 silly addNameRange     '0.9.0',
351 silly addNameRange     '0.9.2',
351 silly addNameRange     '0.9.3',
351 silly addNameRange     '0.9.4',
351 silly addNameRange     '0.9.5',
351 silly addNameRange     '0.9.6',
351 silly addNameRange     '0.9.7',
351 silly addNameRange     '0.9.8' ] ]
352 verbose addNamed [ 'grunt-closure-tools', '0.9.8' ]
353 verbose addNamed [ '0.9.8', '0.9.8' ]
354 silly lockFile 9ad65c14-grunt-closure-tools-0-9-8 grunt-closure-tools@0.9.8
355 verbose lock grunt-closure-tools@0.9.8 /Users/victor/.npm/9ad65c14-grunt-closure-tools-0-9-8.lock
356 silly addNameRange number 2 { name: 'grunt-preprocess', range: '*', hasData: true }
357 silly addNameRange versions [ 'grunt-preprocess',
357 silly addNameRange   [ '0.1.0',
357 silly addNameRange     '0.2.0',
357 silly addNameRange     '0.2.1',
357 silly addNameRange     '0.3.0',
357 silly addNameRange     '0.4.0',
357 silly addNameRange     '1.0.0',
357 silly addNameRange     '1.2.0',
357 silly addNameRange     '1.2.1',
357 silly addNameRange     '1.3.0',
357 silly addNameRange     '1.4.0',
357 silly addNameRange     '2.0.0',
357 silly addNameRange     '2.1.0',
357 silly addNameRange     '2.2.0',
357 silly addNameRange     '2.3.0',
357 silly addNameRange     '3.0.0',
357 silly addNameRange     '3.0.1',
357 silly addNameRange     '4.0.0',
357 silly addNameRange     '4.1.0' ] ]
358 verbose addNamed [ 'grunt-preprocess', '4.1.0' ]
359 verbose addNamed [ '4.1.0', '4.1.0' ]
360 silly lockFile 7549f94b-grunt-preprocess-4-1-0 grunt-preprocess@4.1.0
361 verbose lock grunt-preprocess@4.1.0 /Users/victor/.npm/7549f94b-grunt-preprocess-4-1-0.lock
362 silly lockFile 0a668ef6-grunt-contrib-clean-0-6-0 grunt-contrib-clean@0.6.0
363 silly lockFile 0a668ef6-grunt-contrib-clean-0-6-0 grunt-contrib-clean@0.6.0
364 silly lockFile 8bff91c3-grunt-contrib-clean grunt-contrib-clean@
365 silly lockFile 8bff91c3-grunt-contrib-clean grunt-contrib-clean@
366 silly lockFile 7549f94b-grunt-preprocess-4-1-0 grunt-preprocess@4.1.0
367 silly lockFile 7549f94b-grunt-preprocess-4-1-0 grunt-preprocess@4.1.0
368 silly lockFile 01c0bc23-grunt-preprocess grunt-preprocess@
369 silly lockFile 01c0bc23-grunt-preprocess grunt-preprocess@
370 silly lockFile 9ad65c14-grunt-closure-tools-0-9-8 grunt-closure-tools@0.9.8
371 silly lockFile 9ad65c14-grunt-closure-tools-0-9-8 grunt-closure-tools@0.9.8
372 silly lockFile 867f52d1-grunt-closure-tools grunt-closure-tools@
373 silly lockFile 867f52d1-grunt-closure-tools grunt-closure-tools@
374 http 304 https://registry.npmjs.org/grunt-git-revision-count
375 silly registry.get cb [ 304,
375 silly registry.get   { date: 'Fri, 05 Jun 2015 00:32:18 GMT',
375 silly registry.get     via: '1.1 varnish',
375 silly registry.get     'cache-control': 'max-age=60',
375 silly registry.get     etag: '"1HPZXIV7Q49QHM0OCKV1GVNIM"',
375 silly registry.get     age: '0',
375 silly registry.get     connection: 'keep-alive',
375 silly registry.get     'x-served-by': 'cache-iad2124-IAD',
375 silly registry.get     'x-cache': 'MISS',
375 silly registry.get     'x-cache-hits': '0',
375 silly registry.get     'x-timer': 'S1433464338.074276,VS0,VE91',
375 silly registry.get     vary: 'Accept' } ]
376 verbose etag https://registry.npmjs.org/grunt-git-revision-count from cache
377 silly addNameRange number 2 { name: 'grunt-git-revision-count', range: '*', hasData: true }
378 silly addNameRange versions [ 'grunt-git-revision-count', [ '0.0.1' ] ]
379 verbose addNamed [ 'grunt-git-revision-count', '0.0.1' ]
380 verbose addNamed [ '0.0.1', '0.0.1' ]
381 silly lockFile 509298d2-grunt-git-revision-count-0-0-1 grunt-git-revision-count@0.0.1
382 verbose lock grunt-git-revision-count@0.0.1 /Users/victor/.npm/509298d2-grunt-git-revision-count-0-0-1.lock
383 silly lockFile 509298d2-grunt-git-revision-count-0-0-1 grunt-git-revision-count@0.0.1
384 silly lockFile 509298d2-grunt-git-revision-count-0-0-1 grunt-git-revision-count@0.0.1
385 silly lockFile 18489407-grunt-git-revision-count grunt-git-revision-count@
386 silly lockFile 18489407-grunt-git-revision-count grunt-git-revision-count@
387 http 304 https://registry.npmjs.org/grunt-template
388 silly registry.get cb [ 304,
388 silly registry.get   { date: 'Fri, 05 Jun 2015 00:32:18 GMT',
388 silly registry.get     via: '1.1 varnish',
388 silly registry.get     'cache-control': 'max-age=60',
388 silly registry.get     etag: '"65BCHW3MJ5V2MVSJBGS2CQTF"',
388 silly registry.get     age: '0',
388 silly registry.get     connection: 'keep-alive',
388 silly registry.get     'x-served-by': 'cache-iad2124-IAD',
388 silly registry.get     'x-cache': 'HIT',
388 silly registry.get     'x-cache-hits': '1',
388 silly registry.get     'x-timer': 'S1433464338.184546,VS0,VE14',
388 silly registry.get     vary: 'Accept' } ]
389 verbose etag https://registry.npmjs.org/grunt-template from cache
390 silly addNameRange number 2 { name: 'grunt-template', range: '*', hasData: true }
391 silly addNameRange versions [ 'grunt-template',
391 silly addNameRange   [ '0.1.0', '0.2.0', '0.2.1', '0.2.2', '0.2.3' ] ]
392 verbose addNamed [ 'grunt-template', '0.2.3' ]
393 verbose addNamed [ '0.2.3', '0.2.3' ]
394 silly lockFile 3b2032b5-grunt-template-0-2-3 grunt-template@0.2.3
395 verbose lock grunt-template@0.2.3 /Users/victor/.npm/3b2032b5-grunt-template-0-2-3.lock
396 silly lockFile 3b2032b5-grunt-template-0-2-3 grunt-template@0.2.3
397 silly lockFile 3b2032b5-grunt-template-0-2-3 grunt-template@0.2.3
398 silly lockFile ca2ceda5-grunt-template grunt-template@
399 silly lockFile ca2ceda5-grunt-template grunt-template@
400 http 304 https://registry.npmjs.org/grunt-wget
401 silly registry.get cb [ 304,
401 silly registry.get   { date: 'Fri, 05 Jun 2015 00:32:18 GMT',
401 silly registry.get     via: '1.1 varnish',
401 silly registry.get     'cache-control': 'max-age=60',
401 silly registry.get     etag: '"49TDSJZV663LIPF0VWG4J2YCH"',
401 silly registry.get     age: '0',
401 silly registry.get     connection: 'keep-alive',
401 silly registry.get     'x-served-by': 'cache-iad2121-IAD',
401 silly registry.get     'x-cache': 'MISS',
401 silly registry.get     'x-cache-hits': '0',
401 silly registry.get     'x-timer': 'S1433464338.153017,VS0,VE60',
401 silly registry.get     vary: 'Accept' } ]
402 verbose etag https://registry.npmjs.org/grunt-wget from cache
403 silly addNameRange number 2 { name: 'grunt-wget', range: '*', hasData: true }
404 silly addNameRange versions [ 'grunt-wget',
404 silly addNameRange   [ '0.0.1', '0.1.0', '0.1.1', '0.1.2', '0.1.3' ] ]
405 verbose addNamed [ 'grunt-wget', '0.1.3' ]
406 verbose addNamed [ '0.1.3', '0.1.3' ]
407 silly lockFile bd1fde34-grunt-wget-0-1-3 grunt-wget@0.1.3
408 verbose lock grunt-wget@0.1.3 /Users/victor/.npm/bd1fde34-grunt-wget-0-1-3.lock
409 silly lockFile bd1fde34-grunt-wget-0-1-3 grunt-wget@0.1.3
410 silly lockFile bd1fde34-grunt-wget-0-1-3 grunt-wget@0.1.3
411 silly lockFile c5d0fddf-grunt-wget grunt-wget@
412 silly lockFile c5d0fddf-grunt-wget grunt-wget@
413 http 200 https://registry.npmjs.org/grunt-jsdoc
414 silly registry.get cb [ 200,
414 silly registry.get   { server: 'CouchDB/1.5.0 (Erlang OTP/R16B03)',
414 silly registry.get     etag: '"1ODIA0QR7ZPFOF4KTAKUGWAA"',
414 silly registry.get     'content-type': 'application/json',
414 silly registry.get     'cache-control': 'max-age=60',
414 silly registry.get     'content-length': '49086',
414 silly registry.get     'accept-ranges': 'bytes',
414 silly registry.get     date: 'Fri, 05 Jun 2015 00:32:18 GMT',
414 silly registry.get     via: '1.1 varnish',
414 silly registry.get     age: '0',
414 silly registry.get     connection: 'keep-alive',
414 silly registry.get     'x-served-by': 'cache-iad2127-IAD',
414 silly registry.get     'x-cache': 'HIT',
414 silly registry.get     'x-cache-hits': '1',
414 silly registry.get     'x-timer': 'S1433464338.150977,VS0,VE92',
414 silly registry.get     vary: 'Accept' } ]
415 silly lockFile 184cca73-grunt-jsdoc-beta grunt-jsdoc@beta
416 silly lockFile 184cca73-grunt-jsdoc-beta grunt-jsdoc@beta
417 http 304 https://registry.npmjs.org/grunt-node-qunit
418 silly registry.get cb [ 304,
418 silly registry.get   { date: 'Fri, 05 Jun 2015 00:32:18 GMT',
418 silly registry.get     via: '1.1 varnish',
418 silly registry.get     'cache-control': 'max-age=60',
418 silly registry.get     etag: '"1OOU747LHTEUFUS8M9ZZOB09T"',
418 silly registry.get     age: '0',
418 silly registry.get     connection: 'keep-alive',
418 silly registry.get     'x-served-by': 'cache-iad2128-IAD',
418 silly registry.get     'x-cache': 'MISS',
418 silly registry.get     'x-cache-hits': '0',
418 silly registry.get     'x-timer': 'S1433464338.062955,VS0,VE452',
418 silly registry.get     vary: 'Accept' } ]
419 verbose etag https://registry.npmjs.org/grunt-node-qunit from cache
420 http 304 https://registry.npmjs.org/grunt-shell
421 silly registry.get cb [ 304,
421 silly registry.get   { date: 'Fri, 05 Jun 2015 00:32:18 GMT',
421 silly registry.get     via: '1.1 varnish',
421 silly registry.get     'cache-control': 'max-age=60',
421 silly registry.get     etag: '"EQM234DFO0VWFFO6TMMDUSMX9"',
421 silly registry.get     age: '0',
421 silly registry.get     connection: 'keep-alive',
421 silly registry.get     'x-served-by': 'cache-iad2131-IAD',
421 silly registry.get     'x-cache': 'HIT',
421 silly registry.get     'x-cache-hits': '1',
421 silly registry.get     'x-timer': 'S1433464338.159772,VS0,VE382',
421 silly registry.get     vary: 'Accept' } ]
422 verbose etag https://registry.npmjs.org/grunt-shell from cache
423 silly addNameRange number 2 { name: 'grunt-node-qunit', range: '*', hasData: true }
424 silly addNameRange versions [ 'grunt-node-qunit',
424 silly addNameRange   [ '0.0.6',
424 silly addNameRange     '0.0.3',
424 silly addNameRange     '0.1.0',
424 silly addNameRange     '0.1.1',
424 silly addNameRange     '1.0.0',
424 silly addNameRange     '2.0.0',
424 silly addNameRange     '2.0.1',
424 silly addNameRange     '2.0.2' ] ]
425 verbose addNamed [ 'grunt-node-qunit', '2.0.2' ]
426 verbose addNamed [ '2.0.2', '2.0.2' ]
427 silly lockFile 4bd844b1-grunt-node-qunit-2-0-2 grunt-node-qunit@2.0.2
428 verbose lock grunt-node-qunit@2.0.2 /Users/victor/.npm/4bd844b1-grunt-node-qunit-2-0-2.lock
429 silly addNameRange number 2 { name: 'grunt-shell', range: '*', hasData: true }
430 silly addNameRange versions [ 'grunt-shell',
430 silly addNameRange   [ '0.1.0',
430 silly addNameRange     '0.1.1',
430 silly addNameRange     '0.1.2',
430 silly addNameRange     '0.1.3',
430 silly addNameRange     '0.1.4',
430 silly addNameRange     '0.2.0',
430 silly addNameRange     '0.2.1',
430 silly addNameRange     '0.2.2',
430 silly addNameRange     '0.3.0',
430 silly addNameRange     '0.3.1',
430 silly addNameRange     '0.4.0',
430 silly addNameRange     '0.5.0',
430 silly addNameRange     '0.6.0',
430 silly addNameRange     '0.6.1',
430 silly addNameRange     '0.6.2',
430 silly addNameRange     '0.6.4',
430 silly addNameRange     '0.7.0',
430 silly addNameRange     '1.0.0',
430 silly addNameRange     '1.0.1',
430 silly addNameRange     '1.1.0',
430 silly addNameRange     '1.1.1',
430 silly addNameRange     '1.1.2' ] ]
431 verbose addNamed [ 'grunt-shell', '1.1.2' ]
432 verbose addNamed [ '1.1.2', '1.1.2' ]
433 silly lockFile 33ce2e0a-grunt-shell-1-1-2 grunt-shell@1.1.2
434 verbose lock grunt-shell@1.1.2 /Users/victor/.npm/33ce2e0a-grunt-shell-1-1-2.lock
435 silly lockFile 4bd844b1-grunt-node-qunit-2-0-2 grunt-node-qunit@2.0.2
436 silly lockFile 4bd844b1-grunt-node-qunit-2-0-2 grunt-node-qunit@2.0.2
437 silly lockFile 33ce2e0a-grunt-shell-1-1-2 grunt-shell@1.1.2
438 silly lockFile 33ce2e0a-grunt-shell-1-1-2 grunt-shell@1.1.2
439 silly lockFile 3c65f2f4-grunt-node-qunit grunt-node-qunit@
440 silly lockFile 3c65f2f4-grunt-node-qunit grunt-node-qunit@
441 silly lockFile 9b13ef1a-grunt-shell grunt-shell@
442 silly lockFile 9b13ef1a-grunt-shell grunt-shell@
443 error notarget No compatible version found: grunt-jsdoc@'beta'
443 error notarget Valid install targets:
443 error notarget ["0.2.3","0.2.4","0.3.0","0.3.1","0.3.2","0.3.3","0.4.0","0.4.1","0.4.2","0.4.3","0.5.0","0.5.1","0.5.2","0.5.3","0.5.4","0.5.5","0.5.6","0.6.0","0.5.7","0.6.1","0.6.2","0.5.8","0.6.3","0.6.4","0.6.5","0.6.6","0.6.7"]
443 error notarget
443 error notarget This is most likely not a problem with npm itself.
443 error notarget In most cases you or one of your dependencies are requesting
443 error notarget a package version that doesn't exist.
444 error System Darwin 14.1.0
445 error command "node" "/usr/local/bin/npm" "install"
446 error cwd /Users/victor/Development/betajs/betajs-dynamics-components
447 error node -v v0.10.33
448 error npm -v 1.4.28
449 error code ETARGET
450 verbose exit [ 1, true ]
